<?xml version="1.0" encoding="UTF-8"?>
<testsuite xmlns:xsi="http://www.w3.org/2001/XMLSchema-instance" xsi:noNamespaceSchemaLocation="https://maven.apache.org/surefire/maven-surefire-plugin/xsd/surefire-test-report.xsd" version="3.0.2" name="mx.uv.tcsw.VentaTest" time="0.035" tests="3" errors="0" skipped="0" failures="0">
  <properties>
[...]
</properties>
  <testcase name="pruebaDetalleRechazaCantidadInvalida" classname="mx.uv.tcsw.VentaTest" time="0.005"/>
  <testcase name="pruebaPrecioHistoricoSeConserva" classname="mx.uv.tcsw.VentaTest" time="0.0"/>
  <testcase name="pruebaPrecioRechazaNegativos" classname="mx.uv.tcsw.VentaTest" time="0.0"/>
</testsuite>